0 info it worked if it ends with ok
1 verbose cli [ 'C:\\Users\\arbfay\\AppData\\Local\\.meteor\\packages\\meteor-tool\\1.4.2_3\\mt-os.windows.x86_32\\dev_bundle\\bin\\node.exe',
1 verbose cli   'C:\\Users\\arbfay\\AppData\\Local\\.meteor\\packages\\meteor-tool\\1.4.2_3\\mt-os.windows.x86_32\\dev_bundle\\lib\\node_modules\\npm\\bin\\npm-cli.js',
1 verbose cli   'install',
1 verbose cli   '--save',
1 verbose cli   'eventie',
1 verbose cli   'desandro-get-style-property',
1 verbose cli   'wolfy87-eventmitter',
1 verbose cli   'get-size',
1 verbose cli   'doc-ready',
1 verbose cli   'desandro-matches-selector',
1 verbose cli   'outlayer' ]
2 info using npm@3.10.9
3 info using node@v4.6.2
4 silly loadCurrentTree Starting
5 silly install loadCurrentTree
6 silly install readLocalPackageData
7 silly fetchPackageMetaData eventie
8 silly fetchPackageMetaData desandro-get-style-property
9 silly fetchPackageMetaData wolfy87-eventmitter
10 silly fetchPackageMetaData get-size
11 silly fetchPackageMetaData doc-ready
12 silly fetchPackageMetaData desandro-matches-selector
13 silly fetchPackageMetaData outlayer
14 silly fetchNamedPackageData eventie
15 silly mapToRegistry name eventie
16 silly mapToRegistry using default registry
17 silly mapToRegistry registry https://registry.npmjs.org/
18 silly mapToRegistry data Result {
18 silly mapToRegistry   raw: 'eventie',
18 silly mapToRegistry   scope: null,
18 silly mapToRegistry   escapedName: 'eventie',
18 silly mapToRegistry   name: 'eventie',
18 silly mapToRegistry   rawSpec: '',
18 silly mapToRegistry   spec: 'latest',
18 silly mapToRegistry   type: 'tag' }
19 silly mapToRegistry uri https://registry.npmjs.org/eventie
20 silly fetchNamedPackageData desandro-get-style-property
21 silly mapToRegistry name desandro-get-style-property
22 silly mapToRegistry using default registry
23 silly mapToRegistry registry https://registry.npmjs.org/
24 silly mapToRegistry data Result {
24 silly mapToRegistry   raw: 'desandro-get-style-property',
24 silly mapToRegistry   scope: null,
24 silly mapToRegistry   escapedName: 'desandro-get-style-property',
24 silly mapToRegistry   name: 'desandro-get-style-property',
24 silly mapToRegistry   rawSpec: '',
24 silly mapToRegistry   spec: 'latest',
24 silly mapToRegistry   type: 'tag' }
25 silly mapToRegistry uri https://registry.npmjs.org/desandro-get-style-property
26 silly fetchNamedPackageData wolfy87-eventmitter
27 silly mapToRegistry name wolfy87-eventmitter
28 silly mapToRegistry using default registry
29 silly mapToRegistry registry https://registry.npmjs.org/
30 silly mapToRegistry data Result {
30 silly mapToRegistry   raw: 'wolfy87-eventmitter',
30 silly mapToRegistry   scope: null,
30 silly mapToRegistry   escapedName: 'wolfy87-eventmitter',
30 silly mapToRegistry   name: 'wolfy87-eventmitter',
30 silly mapToRegistry   rawSpec: '',
30 silly mapToRegistry   spec: 'latest',
30 silly mapToRegistry   type: 'tag' }
31 silly mapToRegistry uri https://registry.npmjs.org/wolfy87-eventmitter
32 silly fetchNamedPackageData get-size
33 silly mapToRegistry name get-size
34 silly mapToRegistry using default registry
35 silly mapToRegistry registry https://registry.npmjs.org/
36 silly mapToRegistry data Result {
36 silly mapToRegistry   raw: 'get-size',
36 silly mapToRegistry   scope: null,
36 silly mapToRegistry   escapedName: 'get-size',
36 silly mapToRegistry   name: 'get-size',
36 silly mapToRegistry   rawSpec: '',
36 silly mapToRegistry   spec: 'latest',
36 silly mapToRegistry   type: 'tag' }
37 silly mapToRegistry uri https://registry.npmjs.org/get-size
38 silly fetchNamedPackageData doc-ready
39 silly mapToRegistry name doc-ready
40 silly mapToRegistry using default registry
41 silly mapToRegistry registry https://registry.npmjs.org/
42 silly mapToRegistry data Result {
42 silly mapToRegistry   raw: 'doc-ready',
42 silly mapToRegistry   scope: null,
42 silly mapToRegistry   escapedName: 'doc-ready',
42 silly mapToRegistry   name: 'doc-ready',
42 silly mapToRegistry   rawSpec: '',
42 silly mapToRegistry   spec: 'latest',
42 silly mapToRegistry   type: 'tag' }
43 silly mapToRegistry uri https://registry.npmjs.org/doc-ready
44 silly fetchNamedPackageData desandro-matches-selector
45 silly mapToRegistry name desandro-matches-selector
46 silly mapToRegistry using default registry
47 silly mapToRegistry registry https://registry.npmjs.org/
48 silly mapToRegistry data Result {
48 silly mapToRegistry   raw: 'desandro-matches-selector',
48 silly mapToRegistry   scope: null,
48 silly mapToRegistry   escapedName: 'desandro-matches-selector',
48 silly mapToRegistry   name: 'desandro-matches-selector',
48 silly mapToRegistry   rawSpec: '',
48 silly mapToRegistry   spec: 'latest',
48 silly mapToRegistry   type: 'tag' }
49 silly mapToRegistry uri https://registry.npmjs.org/desandro-matches-selector
50 silly fetchNamedPackageData outlayer
51 silly mapToRegistry name outlayer
52 silly mapToRegistry using default registry
53 silly mapToRegistry registry https://registry.npmjs.org/
54 silly mapToRegistry data Result {
54 silly mapToRegistry   raw: 'outlayer',
54 silly mapToRegistry   scope: null,
54 silly mapToRegistry   escapedName: 'outlayer',
54 silly mapToRegistry   name: 'outlayer',
54 silly mapToRegistry   rawSpec: '',
54 silly mapToRegistry   spec: 'latest',
54 silly mapToRegistry   type: 'tag' }
55 silly mapToRegistry uri https://registry.npmjs.org/outlayer
56 verbose request uri https://registry.npmjs.org/eventie
57 verbose request no auth needed
58 info attempt registry request try #1 at 17:51:04
59 verbose request id 79d3c63133a53d4a
60 http request GET https://registry.npmjs.org/eventie
61 verbose request uri https://registry.npmjs.org/desandro-get-style-property
62 verbose request no auth needed
63 info attempt registry request try #1 at 17:51:04
64 http request GET https://registry.npmjs.org/desandro-get-style-property
65 verbose request uri https://registry.npmjs.org/wolfy87-eventmitter
66 verbose request no auth needed
67 info attempt registry request try #1 at 17:51:04
68 http request GET https://registry.npmjs.org/wolfy87-eventmitter
69 verbose request uri https://registry.npmjs.org/get-size
70 verbose request no auth needed
71 info attempt registry request try #1 at 17:51:04
72 http request GET https://registry.npmjs.org/get-size
73 verbose request uri https://registry.npmjs.org/desandro-matches-selector
74 verbose request no auth needed
75 info attempt registry request try #1 at 17:51:04
76 http request GET https://registry.npmjs.org/desandro-matches-selector
77 verbose request uri https://registry.npmjs.org/doc-ready
78 verbose request no auth needed
79 info attempt registry request try #1 at 17:51:04
80 http request GET https://registry.npmjs.org/doc-ready
81 verbose request uri https://registry.npmjs.org/outlayer
82 verbose request no auth needed
83 info attempt registry request try #1 at 17:51:04
84 http request GET https://registry.npmjs.org/outlayer
85 http 200 https://registry.npmjs.org/get-size
86 verbose headers { server: 'nginx/1.10.1',
86 verbose headers   'content-type': 'application/json',
86 verbose headers   'last-modified': 'Mon, 04 Jan 2016 22:38:05 GMT',
86 verbose headers   etag: 'W/"568af44d-247a"',
86 verbose headers   'content-encoding': 'gzip',
86 verbose headers   'cache-control': 'max-age=300',
86 verbose headers   'content-length': '1853',
86 verbose headers   'accept-ranges': 'bytes',
86 verbose headers   date: 'Mon, 21 Nov 2016 16:51:26 GMT',
86 verbose headers   via: '1.1 varnish',
86 verbose headers   age: '0',
86 verbose headers   connection: 'keep-alive',
86 verbose headers   'x-served-by': 'cache-ams4428-AMS',
86 verbose headers   'x-cache': 'HIT',
86 verbose headers   'x-cache-hits': '1',
86 verbose headers   'x-timer': 'S1479747086.885125,VS0,VE7',
86 verbose headers   vary: 'Accept-Encoding' }
87 silly get cb [ 200,
87 silly get   { server: 'nginx/1.10.1',
87 silly get     'content-type': 'application/json',
87 silly get     'last-modified': 'Mon, 04 Jan 2016 22:38:05 GMT',
87 silly get     etag: 'W/"568af44d-247a"',
87 silly get     'content-encoding': 'gzip',
87 silly get     'cache-control': 'max-age=300',
87 silly get     'content-length': '1853',
87 silly get     'accept-ranges': 'bytes',
87 silly get     date: 'Mon, 21 Nov 2016 16:51:26 GMT',
87 silly get     via: '1.1 varnish',
87 silly get     age: '0',
87 silly get     connection: 'keep-alive',
87 silly get     'x-served-by': 'cache-ams4428-AMS',
87 silly get     'x-cache': 'HIT',
87 silly get     'x-cache-hits': '1',
87 silly get     'x-timer': 'S1479747086.885125,VS0,VE7',
87 silly get     vary: 'Accept-Encoding' } ]
88 verbose get saving get-size to C:\Users\arbfay\AppData\Local\.meteor\packages\meteor-tool\1.4.2_3\mt-os.windows.x86_32\dev_bundle\.npm\registry.npmjs.org\get-size\.cache.json
89 verbose correctMkdir C:\Users\arbfay\AppData\Local\.meteor\packages\meteor-tool\1.4.2_3\mt-os.windows.x86_32\dev_bundle\.npm correctMkdir not in flight; initializing
90 http 200 https://registry.npmjs.org/eventie
91 verbose headers { server: 'nginx/1.10.1',
91 verbose headers   'content-type': 'application/json',
91 verbose headers   'last-modified': 'Mon, 05 Jan 2015 18:28:20 GMT',
91 verbose headers   etag: 'W/"54aad7c4-cd5"',
91 verbose headers   'content-encoding': 'gzip',
91 verbose headers   'cache-control': 'max-age=300',
91 verbose headers   'content-length': '1129',
91 verbose headers   'accept-ranges': 'bytes',
91 verbose headers   date: 'Mon, 21 Nov 2016 16:51:26 GMT',
91 verbose headers   via: '1.1 varnish',
91 verbose headers   age: '215',
91 verbose headers   connection: 'keep-alive',
91 verbose headers   'x-served-by': 'cache-ams4420-AMS',
91 verbose headers   'x-cache': 'HIT',
91 verbose headers   'x-cache-hits': '1',
91 verbose headers   'x-timer': 'S1479747086.899311,VS0,VE0',
91 verbose headers   vary: 'Accept-Encoding' }
92 silly get cb [ 200,
92 silly get   { server: 'nginx/1.10.1',
92 silly get     'content-type': 'application/json',
92 silly get     'last-modified': 'Mon, 05 Jan 2015 18:28:20 GMT',
92 silly get     etag: 'W/"54aad7c4-cd5"',
92 silly get     'content-encoding': 'gzip',
92 silly get     'cache-control': 'max-age=300',
92 silly get     'content-length': '1129',
92 silly get     'accept-ranges': 'bytes',
92 silly get     date: 'Mon, 21 Nov 2016 16:51:26 GMT',
92 silly get     via: '1.1 varnish',
92 silly get     age: '215',
92 silly get     connection: 'keep-alive',
92 silly get     'x-served-by': 'cache-ams4420-AMS',
92 silly get     'x-cache': 'HIT',
92 silly get     'x-cache-hits': '1',
92 silly get     'x-timer': 'S1479747086.899311,VS0,VE0',
92 silly get     vary: 'Accept-Encoding' } ]
93 verbose get saving eventie to C:\Users\arbfay\AppData\Local\.meteor\packages\meteor-tool\1.4.2_3\mt-os.windows.x86_32\dev_bundle\.npm\registry.npmjs.org\eventie\.cache.json
94 verbose correctMkdir C:\Users\arbfay\AppData\Local\.meteor\packages\meteor-tool\1.4.2_3\mt-os.windows.x86_32\dev_bundle\.npm correctMkdir already in flight; waiting
95 http 200 https://registry.npmjs.org/doc-ready
96 verbose headers { server: 'nginx/1.10.1',
96 verbose headers   'content-type': 'application/json',
96 verbose headers   'last-modified': 'Fri, 27 May 2016 10:38:43 GMT',
96 verbose headers   etag: 'W/"574823b3-d72"',
96 verbose headers   'content-encoding': 'gzip',
96 verbose headers   'cache-control': 'max-age=300',
96 verbose headers   'content-length': '1113',
96 verbose headers   'accept-ranges': 'bytes',
96 verbose headers   date: 'Mon, 21 Nov 2016 16:51:26 GMT',
96 verbose headers   via: '1.1 varnish',
96 verbose headers   age: '0',
96 verbose headers   connection: 'keep-alive',
96 verbose headers   'x-served-by': 'cache-ams4120-AMS',
96 verbose headers   'x-cache': 'HIT',
96 verbose headers   'x-cache-hits': '1',
96 verbose headers   'x-timer': 'S1479747086.896192,VS0,VE7',
96 verbose headers   vary: 'Accept-Encoding' }
97 silly get cb [ 200,
97 silly get   { server: 'nginx/1.10.1',
97 silly get     'content-type': 'application/json',
97 silly get     'last-modified': 'Fri, 27 May 2016 10:38:43 GMT',
97 silly get     etag: 'W/"574823b3-d72"',
97 silly get     'content-encoding': 'gzip',
97 silly get     'cache-control': 'max-age=300',
97 silly get     'content-length': '1113',
97 silly get     'accept-ranges': 'bytes',
97 silly get     date: 'Mon, 21 Nov 2016 16:51:26 GMT',
97 silly get     via: '1.1 varnish',
97 silly get     age: '0',
97 silly get     connection: 'keep-alive',
97 silly get     'x-served-by': 'cache-ams4120-AMS',
97 silly get     'x-cache': 'HIT',
97 silly get     'x-cache-hits': '1',
97 silly get     'x-timer': 'S1479747086.896192,VS0,VE7',
97 silly get     vary: 'Accept-Encoding' } ]
98 verbose get saving doc-ready to C:\Users\arbfay\AppData\Local\.meteor\packages\meteor-tool\1.4.2_3\mt-os.windows.x86_32\dev_bundle\.npm\registry.npmjs.org\doc-ready\.cache.json
99 verbose correctMkdir C:\Users\arbfay\AppData\Local\.meteor\packages\meteor-tool\1.4.2_3\mt-os.windows.x86_32\dev_bundle\.npm correctMkdir already in flight; waiting
100 http 200 https://registry.npmjs.org/desandro-get-style-property
101 verbose headers { server: 'nginx/1.10.1',
101 verbose headers   'content-type': 'application/json',
101 verbose headers   'last-modified': 'Fri, 17 Oct 2014 21:39:36 GMT',
101 verbose headers   etag: 'W/"54418c98-e79"',
101 verbose headers   'content-encoding': 'gzip',
101 verbose headers   'cache-control': 'max-age=300',
101 verbose headers   'content-length': '1104',
101 verbose headers   'accept-ranges': 'bytes',
101 verbose headers   date: 'Mon, 21 Nov 2016 16:51:26 GMT',
101 verbose headers   via: '1.1 varnish',
101 verbose headers   age: '0',
101 verbose headers   connection: 'keep-alive',
101 verbose headers   'x-served-by': 'cache-ams4428-AMS',
101 verbose headers   'x-cache': 'HIT',
101 verbose headers   'x-cache-hits': '1',
101 verbose headers   'x-timer': 'S1479747086.919480,VS0,VE7',
101 verbose headers   vary: 'Accept-Encoding' }
102 silly get cb [ 200,
102 silly get   { server: 'nginx/1.10.1',
102 silly get     'content-type': 'application/json',
102 silly get     'last-modified': 'Fri, 17 Oct 2014 21:39:36 GMT',
102 silly get     etag: 'W/"54418c98-e79"',
102 silly get     'content-encoding': 'gzip',
102 silly get     'cache-control': 'max-age=300',
102 silly get     'content-length': '1104',
102 silly get     'accept-ranges': 'bytes',
102 silly get     date: 'Mon, 21 Nov 2016 16:51:26 GMT',
102 silly get     via: '1.1 varnish',
102 silly get     age: '0',
102 silly get     connection: 'keep-alive',
102 silly get     'x-served-by': 'cache-ams4428-AMS',
102 silly get     'x-cache': 'HIT',
102 silly get     'x-cache-hits': '1',
102 silly get     'x-timer': 'S1479747086.919480,VS0,VE7',
102 silly get     vary: 'Accept-Encoding' } ]
103 verbose get saving desandro-get-style-property to C:\Users\arbfay\AppData\Local\.meteor\packages\meteor-tool\1.4.2_3\mt-os.windows.x86_32\dev_bundle\.npm\registry.npmjs.org\desandro-get-style-property\.cache.json
104 verbose correctMkdir C:\Users\arbfay\AppData\Local\.meteor\packages\meteor-tool\1.4.2_3\mt-os.windows.x86_32\dev_bundle\.npm correctMkdir not in flight; initializing
105 http 200 https://registry.npmjs.org/desandro-matches-selector
106 verbose headers { server: 'nginx/1.10.1',
106 verbose headers   'content-type': 'application/json',
106 verbose headers   'last-modified': 'Wed, 13 Jan 2016 18:13:30 GMT',
106 verbose headers   etag: 'W/"569693ca-16d5"',
106 verbose headers   'content-encoding': 'gzip',
106 verbose headers   'cache-control': 'max-age=300',
106 verbose headers   'content-length': '1389',
106 verbose headers   'accept-ranges': 'bytes',
106 verbose headers   date: 'Mon, 21 Nov 2016 16:51:26 GMT',
106 verbose headers   via: '1.1 varnish',
106 verbose headers   age: '0',
106 verbose headers   connection: 'keep-alive',
106 verbose headers   'x-served-by': 'cache-ams4122-AMS',
106 verbose headers   'x-cache': 'HIT',
106 verbose headers   'x-cache-hits': '1',
106 verbose headers   'x-timer': 'S1479747086.865813,VS0,VE62',
106 verbose headers   vary: 'Accept-Encoding' }
107 silly get cb [ 200,
107 silly get   { server: 'nginx/1.10.1',
107 silly get     'content-type': 'application/json',
107 silly get     'last-modified': 'Wed, 13 Jan 2016 18:13:30 GMT',
107 silly get     etag: 'W/"569693ca-16d5"',
107 silly get     'content-encoding': 'gzip',
107 silly get     'cache-control': 'max-age=300',
107 silly get     'content-length': '1389',
107 silly get     'accept-ranges': 'bytes',
107 silly get     date: 'Mon, 21 Nov 2016 16:51:26 GMT',
107 silly get     via: '1.1 varnish',
107 silly get     age: '0',
107 silly get     connection: 'keep-alive',
107 silly get     'x-served-by': 'cache-ams4122-AMS',
107 silly get     'x-cache': 'HIT',
107 silly get     'x-cache-hits': '1',
107 silly get     'x-timer': 'S1479747086.865813,VS0,VE62',
107 silly get     vary: 'Accept-Encoding' } ]
108 verbose get saving desandro-matches-selector to C:\Users\arbfay\AppData\Local\.meteor\packages\meteor-tool\1.4.2_3\mt-os.windows.x86_32\dev_bundle\.npm\registry.npmjs.org\desandro-matches-selector\.cache.json
109 verbose correctMkdir C:\Users\arbfay\AppData\Local\.meteor\packages\meteor-tool\1.4.2_3\mt-os.windows.x86_32\dev_bundle\.npm correctMkdir not in flight; initializing
110 http 200 https://registry.npmjs.org/outlayer
111 verbose headers { server: 'nginx/1.10.1',
111 verbose headers   'content-type': 'application/json',
111 verbose headers   'last-modified': 'Wed, 27 Apr 2016 11:24:18 GMT',
111 verbose headers   etag: 'W/"5720a162-31c4"',
111 verbose headers   'content-encoding': 'gzip',
111 verbose headers   'cache-control': 'max-age=300',
111 verbose headers   'content-length': '2869',
111 verbose headers   'accept-ranges': 'bytes',
111 verbose headers   date: 'Mon, 21 Nov 2016 16:51:26 GMT',
111 verbose headers   via: '1.1 varnish',
111 verbose headers   age: '0',
111 verbose headers   connection: 'keep-alive',
111 verbose headers   'x-served-by': 'cache-ams4146-AMS',
111 verbose headers   'x-cache': 'HIT',
111 verbose headers   'x-cache-hits': '1',
111 verbose headers   'x-timer': 'S1479747086.861444,VS0,VE70',
111 verbose headers   vary: 'Accept-Encoding' }
112 silly get cb [ 200,
112 silly get   { server: 'nginx/1.10.1',
112 silly get     'content-type': 'application/json',
112 silly get     'last-modified': 'Wed, 27 Apr 2016 11:24:18 GMT',
112 silly get     etag: 'W/"5720a162-31c4"',
112 silly get     'content-encoding': 'gzip',
112 silly get     'cache-control': 'max-age=300',
112 silly get     'content-length': '2869',
112 silly get     'accept-ranges': 'bytes',
112 silly get     date: 'Mon, 21 Nov 2016 16:51:26 GMT',
112 silly get     via: '1.1 varnish',
112 silly get     age: '0',
112 silly get     connection: 'keep-alive',
112 silly get     'x-served-by': 'cache-ams4146-AMS',
112 silly get     'x-cache': 'HIT',
112 silly get     'x-cache-hits': '1',
112 silly get     'x-timer': 'S1479747086.861444,VS0,VE70',
112 silly get     vary: 'Accept-Encoding' } ]
113 verbose get saving outlayer to C:\Users\arbfay\AppData\Local\.meteor\packages\meteor-tool\1.4.2_3\mt-os.windows.x86_32\dev_bundle\.npm\registry.npmjs.org\outlayer\.cache.json
114 verbose correctMkdir C:\Users\arbfay\AppData\Local\.meteor\packages\meteor-tool\1.4.2_3\mt-os.windows.x86_32\dev_bundle\.npm correctMkdir not in flight; initializing
115 http 404 https://registry.npmjs.org/wolfy87-eventmitter
116 verbose headers { 'content-type': 'application/json',
116 verbose headers   'cache-control': 'max-age=0',
116 verbose headers   'content-length': '2',
116 verbose headers   'accept-ranges': 'bytes',
116 verbose headers   date: 'Mon, 21 Nov 2016 16:51:27 GMT',
116 verbose headers   via: '1.1 varnish',
116 verbose headers   age: '0',
116 verbose headers   connection: 'keep-alive',
116 verbose headers   'x-served-by': 'cache-ams4134-AMS',
116 verbose headers   'x-cache': 'MISS',
116 verbose headers   'x-cache-hits': '0',
116 verbose headers   'x-timer': 'S1479747086.972401,VS0,VE682',
116 verbose headers   vary: 'Accept-Encoding' }
117 silly get cb [ 404,
117 silly get   { 'content-type': 'application/json',
117 silly get     'cache-control': 'max-age=0',
117 silly get     'content-length': '2',
117 silly get     'accept-ranges': 'bytes',
117 silly get     date: 'Mon, 21 Nov 2016 16:51:27 GMT',
117 silly get     via: '1.1 varnish',
117 silly get     age: '0',
117 silly get     connection: 'keep-alive',
117 silly get     'x-served-by': 'cache-ams4134-AMS',
117 silly get     'x-cache': 'MISS',
117 silly get     'x-cache-hits': '0',
117 silly get     'x-timer': 'S1479747086.972401,VS0,VE682',
117 silly get     vary: 'Accept-Encoding' } ]
118 silly fetchPackageMetaData Error: Registry returned 404 for GET on https://registry.npmjs.org/wolfy87-eventmitter
118 silly fetchPackageMetaData     at makeError (C:\Users\arbfay\AppData\Local\.meteor\packages\meteor-tool\1.4.2_3\mt-os.windows.x86_32\dev_bundle\lib\node_modules\npm\node_modules\npm-registry-client\lib\request.js:302:12)
118 silly fetchPackageMetaData     at CachingRegistryClient.<anonymous> (C:\Users\arbfay\AppData\Local\.meteor\packages\meteor-tool\1.4.2_3\mt-os.windows.x86_32\dev_bundle\lib\node_modules\npm\node_modules\npm-registry-client\lib\request.js:280:14)
118 silly fetchPackageMetaData     at Request._callback (C:\Users\arbfay\AppData\Local\.meteor\packages\meteor-tool\1.4.2_3\mt-os.windows.x86_32\dev_bundle\lib\node_modules\npm\node_modules\npm-registry-client\lib\request.js:210:14)
118 silly fetchPackageMetaData     at Request.self.callback (C:\Users\arbfay\AppData\Local\.meteor\packages\meteor-tool\1.4.2_3\mt-os.windows.x86_32\dev_bundle\lib\node_modules\npm\node_modules\request\request.js:187:22)
118 silly fetchPackageMetaData     at emitTwo (events.js:87:13)
118 silly fetchPackageMetaData     at Request.emit (events.js:172:7)
118 silly fetchPackageMetaData     at Request.<anonymous> (C:\Users\arbfay\AppData\Local\.meteor\packages\meteor-tool\1.4.2_3\mt-os.windows.x86_32\dev_bundle\lib\node_modules\npm\node_modules\request\request.js:1048:10)
118 silly fetchPackageMetaData     at emitOne (events.js:77:13)
118 silly fetchPackageMetaData     at Request.emit (events.js:169:7)
118 silly fetchPackageMetaData     at IncomingMessage.<anonymous> (C:\Users\arbfay\AppData\Local\.meteor\packages\meteor-tool\1.4.2_3\mt-os.windows.x86_32\dev_bundle\lib\node_modules\npm\node_modules\request\request.js:969:12)
118 silly fetchPackageMetaData  error for wolfy87-eventmitter { [Error: Registry returned 404 for GET on https://registry.npmjs.org/wolfy87-eventmitter] pkgid: 'wolfy87-eventmitter', statusCode: 404, code: 'E404' }
119 silly rollbackFailedOptional Starting
120 silly rollbackFailedOptional Finishing
121 silly runTopLevelLifecycles Finishing
122 silly install printInstalled
123 verbose stack Error: Registry returned 404 for GET on https://registry.npmjs.org/wolfy87-eventmitter
123 verbose stack     at makeError (C:\Users\arbfay\AppData\Local\.meteor\packages\meteor-tool\1.4.2_3\mt-os.windows.x86_32\dev_bundle\lib\node_modules\npm\node_modules\npm-registry-client\lib\request.js:302:12)
123 verbose stack     at CachingRegistryClient.<anonymous> (C:\Users\arbfay\AppData\Local\.meteor\packages\meteor-tool\1.4.2_3\mt-os.windows.x86_32\dev_bundle\lib\node_modules\npm\node_modules\npm-registry-client\lib\request.js:280:14)
123 verbose stack     at Request._callback (C:\Users\arbfay\AppData\Local\.meteor\packages\meteor-tool\1.4.2_3\mt-os.windows.x86_32\dev_bundle\lib\node_modules\npm\node_modules\npm-registry-client\lib\request.js:210:14)
123 verbose stack     at Request.self.callback (C:\Users\arbfay\AppData\Local\.meteor\packages\meteor-tool\1.4.2_3\mt-os.windows.x86_32\dev_bundle\lib\node_modules\npm\node_modules\request\request.js:187:22)
123 verbose stack     at emitTwo (events.js:87:13)
123 verbose stack     at Request.emit (events.js:172:7)
123 verbose stack     at Request.<anonymous> (C:\Users\arbfay\AppData\Local\.meteor\packages\meteor-tool\1.4.2_3\mt-os.windows.x86_32\dev_bundle\lib\node_modules\npm\node_modules\request\request.js:1048:10)
123 verbose stack     at emitOne (events.js:77:13)
123 verbose stack     at Request.emit (events.js:169:7)
123 verbose stack     at IncomingMessage.<anonymous> (C:\Users\arbfay\AppData\Local\.meteor\packages\meteor-tool\1.4.2_3\mt-os.windows.x86_32\dev_bundle\lib\node_modules\npm\node_modules\request\request.js:969:12)
124 verbose statusCode 404
125 verbose pkgid wolfy87-eventmitter
126 verbose cwd C:\Users\arbfay\Desktop\Code\apps\test-trys
127 error Windows_NT 10.0.14393
128 error argv "C:\\Users\\arbfay\\AppData\\Local\\.meteor\\packages\\meteor-tool\\1.4.2_3\\mt-os.windows.x86_32\\dev_bundle\\bin\\node.exe" "C:\\Users\\arbfay\\AppData\\Local\\.meteor\\packages\\meteor-tool\\1.4.2_3\\mt-os.windows.x86_32\\dev_bundle\\lib\\node_modules\\npm\\bin\\npm-cli.js" "install" "--save" "eventie" "desandro-get-style-property" "wolfy87-eventmitter" "get-size" "doc-ready" "desandro-matches-selector" "outlayer"
129 error node v4.6.2
130 error npm  v3.10.9
131 error code E404
132 error 404 Registry returned 404 for GET on https://registry.npmjs.org/wolfy87-eventmitter
133 error 404
134 error 404 'wolfy87-eventmitter' is not in the npm registry.
135 error 404 You should bug the author to publish it (or use the name yourself!)
136 error 404 Note that you can also install from a
137 error 404 tarball, folder, http url, or git url.
138 verbose exit [ 1, true ]
